setting up Miniconda...
activating virtual env...
current conda environment: basic310
activating ssh connection...
Agent pid 2522790
Identity added: /home/11864265/.ssh/id_ed25519 (11864265@fnwi-h0.science.uva.nl)
parsing input arguments...
Branch: feature/retrain_grammar
fetching and pulling latest changes from remote dir...
Already up to date.
retraining the models...
Running script for version 0.2
/home/11864265/miniconda3/envs/basic310/bin/python: can't open file '/home/11864265/Documents/thesis_code/reduce_grammar/main.py': [Errno 2] No such file or directory
srun: error: fnwi-cn005: task 0: Exited with exit code 2
Running script for version 0.2
/home/11864265/miniconda3/envs/basic310/bin/python: can't open file '/home/11864265/Documents/thesis_code/reduce_grammar/main.py': [Errno 2] No such file or directory
srun: error: fnwi-cn005: task 0: Exited with exit code 2
Running script for version 0.3
/home/11864265/miniconda3/envs/basic310/bin/python: can't open file '/home/11864265/Documents/thesis_code/reduce_grammar/main.py': [Errno 2] No such file or directory
srun: error: fnwi-cn005: task 0: Exited with exit code 2
Running script for version 0.3
/home/11864265/miniconda3/envs/basic310/bin/python: can't open file '/home/11864265/Documents/thesis_code/reduce_grammar/main.py': [Errno 2] No such file or directory
srun: error: fnwi-cn005: task 0: Exited with exit code 2
Running script for version 0.4
/home/11864265/miniconda3/envs/basic310/bin/python: can't open file '/home/11864265/Documents/thesis_code/reduce_grammar/main.py': [Errno 2] No such file or directory
srun: error: fnwi-cn005: task 0: Exited with exit code 2
Running script for version 0.4
/home/11864265/miniconda3/envs/basic310/bin/python: can't open file '/home/11864265/Documents/thesis_code/reduce_grammar/main.py': [Errno 2] No such file or directory
srun: error: fnwi-cn005: task 0: Exited with exit code 2
Running script for version 0.5
/home/11864265/miniconda3/envs/basic310/bin/python: can't open file '/home/11864265/Documents/thesis_code/reduce_grammar/main.py': [Errno 2] No such file or directory
srun: error: fnwi-cn005: task 0: Exited with exit code 2
Running script for version 0.5
/home/11864265/miniconda3/envs/basic310/bin/python: can't open file '/home/11864265/Documents/thesis_code/reduce_grammar/main.py': [Errno 2] No such file or directory
srun: error: fnwi-cn005: task 0: Exited with exit code 2
Running script for version 0.6
/home/11864265/miniconda3/envs/basic310/bin/python: can't open file '/home/11864265/Documents/thesis_code/reduce_grammar/main.py': [Errno 2] No such file or directory
srun: error: fnwi-cn005: task 0: Exited with exit code 2
Running script for version 0.6
/home/11864265/miniconda3/envs/basic310/bin/python: can't open file '/home/11864265/Documents/thesis_code/reduce_grammar/main.py': [Errno 2] No such file or directory
srun: error: fnwi-cn005: task 0: Exited with exit code 2
Running script for version 0.7
/home/11864265/miniconda3/envs/basic310/bin/python: can't open file '/home/11864265/Documents/thesis_code/reduce_grammar/main.py': [Errno 2] No such file or directory
srun: error: fnwi-cn005: task 0: Exited with exit code 2
Running script for version 0.7
/home/11864265/miniconda3/envs/basic310/bin/python: can't open file '/home/11864265/Documents/thesis_code/reduce_grammar/main.py': [Errno 2] No such file or directory
srun: error: fnwi-cn005: task 0: Exited with exit code 2
Running script for version 0.8
/home/11864265/miniconda3/envs/basic310/bin/python: can't open file '/home/11864265/Documents/thesis_code/reduce_grammar/main.py': [Errno 2] No such file or directory
srun: error: fnwi-cn005: task 0: Exited with exit code 2
Running script for version 0.8
/home/11864265/miniconda3/envs/basic310/bin/python: can't open file '/home/11864265/Documents/thesis_code/reduce_grammar/main.py': [Errno 2] No such file or directory
srun: error: fnwi-cn005: task 0: Exited with exit code 2
adding, committing, and pushing results to remote dir...
fatal: pathspec '/home/11864265/Documents/thesis_code/retrain_grammar/' did not match any files
On branch feature/retrain
Your branch is up to date with 'origin/feature/retrain'.

Changes not staged for commit:
  (use "git add <file>..." to update what will be committed)
  (use "git restore <file>..." to discard changes in working directory)
	modified:   jobs/slurm_output_3386.out

Untracked files:
  (use "git add <file>..." to include in what will be committed)
	../retrain/jobs/slurm_output_3415.out

no changes added to commit (use "git add" and/or "git commit -a")
Everything up-to-date
done.
