setting up Miniconda...
activating virtual env...
current conda environment: basic310
activating ssh connection...
Agent pid 2723967
Identity added: /home/11864265/.ssh/id_ed25519 (11864265@fnwi-h0.science.uva.nl)
parsing input arguments...
Branch: feature/retrain
fetching and pulling latest changes from remote dir...
Already up to date.
retraining the models...
Creating output dir
Running script for version 0.2
2
1
Generating train split: 0 examples [00:00, ? examples/s]Generating train split: 76 examples [00:00, 1868.40 examples/s]
Generating train split: 0 examples [00:00, ? examples/s]Generating train split: 10 examples [00:00, 6322.44 examples/s]
Generating train split: 0 examples [00:00, ? examples/s]Generating train split: 10 examples [00:00, 6037.58 examples/s]
Generated datasets with the lengths of: 76 (train), 10, (dev), and 10 (test)
Map:   0%|          | 0/76 [00:00<?, ? examples/s]Map: 100%|██████████| 76/76 [00:00<00:00, 2248.96 examples/s]
Map:   0%|          | 0/10 [00:00<?, ? examples/s]Map: 100%|██████████| 10/10 [00:00<00:00, 1685.68 examples/s]
Map:   0%|          | 0/10 [00:00<?, ? examples/s]Map: 100%|██████████| 10/10 [00:00<00:00, 1704.31 examples/s]
/home/11864265/miniconda3/envs/basic310/lib/python3.10/site-packages/accelerate/accelerator.py:436: FutureWarning: Passing the following arguments to `Accelerator` is deprecated and will be removed in version 1.0 of Accelerate: dict_keys(['dispatch_batches']). Please pass an `accelerate.DataLoaderConfiguration` instead: 
dataloader_config = DataLoaderConfiguration(dispatch_batches=None)
  warnings.warn(
Detected kernel version 4.18.0, which is below the recommended minimum of 5.5.0; this can cause the process to hang. It is recommended to upgrade the kernel to the minimum version or higher.
#params 167280
[[8, 4, 11, 18, 17, 33, 19, 34, 14, 3, 23, 38, 35, 45, 20, 7, 9, 3, 10, 5], [8, 4, 11, 0, 20, 14, 3, 40, 7, 9, 3, 10, 5], [8, 4, 11, 18, 6, 22, 19, 24, 14, 3, 23, 41, 7, 9, 3, 10, 5], [8, 4, 11, 26, 0, 27, 30, 6, 25, 7, 9, 3, 10, 5], [8, 4, 11, 26, 0, 0, 7, 9, 3, 10, 5], [8, 4, 11, 46, 20, 14, 3, 23, 41, 7, 9, 3, 10, 5], [8, 4, 11, 18, 17, 33, 19, 34, 14, 3, 23, 41, 7, 9, 3, 10, 5], [4, 0, 12, 6, 13, 7, 0, 20, 12, 6, 13, 5], [8, 4, 11, 0, 20, 14, 3, 23, 38, 35, 0, 7, 9, 3, 10, 5], [8, 4, 11, 18, 17, 31, 32, 7, 9, 3, 10, 5], [8, 4, 11, 26, 39, 6, 22, 19, 24, 30, 24, 7, 9, 3, 10, 5], [8, 4, 11, 18, 6, 22, 19, 24, 14, 3, 47, 7, 9, 3, 10, 5], [8, 4, 11, 18, 6, 22, 19, 6, 25, 14, 3, 47, 7, 9, 3, 10, 5], [8, 4, 11, 26, 0, 20, 30, 6, 25, 7, 9, 3, 10, 5], [8, 4, 11, 0, 20, 14, 3, 23, 41, 7, 9, 3, 10, 5], [4, 0, 12, 6, 13, 7, 0, 12, 6, 13, 5], [8, 4, 11, 18, 6, 22, 19, 6, 25, 14, 3, 23, 41, 7, 9, 3, 10, 5], [8, 4, 11, 18, 6, 22, 19, 24, 14, 3, 23, 38, 35, 0, 7, 9, 3, 10, 5], [8, 4, 11, 18, 6, 22, 19, 6, 25, 14, 3, 42, 7, 9, 3, 10, 5], [8, 4, 11, 26, 39, 6, 22, 19, 24, 30, 6, 25, 7, 9, 3, 10, 5], [4, 28, 15, 16, 21, 36, 17, 31, 32, 12, 6, 13, 5], [4, 28, 15, 16, 7, 0, 20, 12, 6, 13, 5], [4, 28, 15, 16, 21, 37, 27, 12, 6, 13, 5], [4, 29, 15, 16, 12, 6, 13, 7, 0, 15, 16, 12, 6, 13, 5], [8, 4, 11, 18, 17, 43, 14, 3, 42, 7, 9, 3, 10, 5], [8, 4, 11, 18, 17, 43, 14, 3, 40, 7, 9, 3, 10, 5], [8, 4, 11, 18, 17, 43, 14, 3, 47, 7, 9, 3, 10, 5], [8, 4, 11, 18, 6, 22, 19, 6, 25, 14, 3, 23, 38, 35, 45, 20, 7, 9, 3, 10, 5], [8, 4, 11, 46, 20, 14, 3, 47, 7, 9, 3, 10, 5], [8, 4, 11, 46, 20, 14, 3, 42, 7, 9, 3, 10, 5], [4, 29, 15, 16, 12, 6, 13, 7, 0, 12, 6, 13, 5], [8, 4, 11, 26, 39, 17, 43, 30, 24, 7, 9, 3, 10, 5], [8, 4, 11, 18, 17, 33, 19, 34, 14, 3, 42, 7, 9, 3, 10, 5], [8, 4, 11, 26, 39, 17, 33, 19, 34, 30, 24, 7, 9, 3, 10, 5], [4, 28, 15, 16, 7, 0, 12, 6, 13, 5], [8, 4, 11, 18, 17, 43, 14, 3, 23, 38, 35, 45, 20, 7, 9, 3, 10, 5], [4, 29, 15, 16, 12, 6, 13, 21, 37, 27, 12, 6, 13, 5], [4, 36, 17, 31, 32, 12, 6, 13, 21, 36, 17, 31, 32, 12, 6, 13, 5], [4, 29, 15, 16, 12, 6, 13, 21, 29, 15, 16, 12, 6, 13, 5], [8, 4, 11, 18, 17, 33, 19, 34, 14, 3, 40, 7, 9, 3, 10, 5], [8, 4, 0, 0, 0, 35, 45, 20, 7, 9, 3, 10, 5], [4, 36, 17, 31, 32, 12, 6, 13, 21, 29, 15, 16, 12, 6, 13, 5], [4, 44, 21, 29, 15, 16, 12, 6, 13, 5], [8, 4, 11, 26, 0, 27, 30, 24, 7, 9, 3, 10, 5], [8, 4, 11, 26, 39, 17, 33, 19, 34, 30, 6, 25, 7, 9, 3, 10, 5], [8, 4, 11, 0, 20, 14, 3, 42, 7, 9, 3, 10, 5], [4, 36, 17, 31, 32, 12, 6, 13, 21, 28, 15, 16, 5], [4, 36, 17, 31, 32, 12, 6, 13, 7, 0, 12, 6, 13, 5], [4, 37, 27, 12, 6, 13, 7, 0, 15, 16, 12, 6, 13, 5], [4, 44, 21, 36, 17, 31, 32, 12, 6, 13, 5], [8, 4, 11, 18, 17, 33, 19, 34, 14, 3, 47, 7, 9, 3, 10, 5], [4, 29, 15, 16, 12, 6, 13, 21, 28, 15, 16, 5], [8, 4, 11, 18, 6, 22, 19, 6, 25, 14, 3, 40, 7, 9, 3, 10, 5], [4, 36, 17, 31, 32, 12, 6, 13, 7, 0, 15, 16, 12, 6, 13, 5], [8, 4, 11, 18, 6, 22, 19, 24, 14, 3, 40, 7, 9, 3, 10, 5], [4, 29, 15, 16, 12, 6, 13, 21, 44, 5], [4, 37, 27, 12, 6, 13, 21, 37, 27, 12, 6, 13, 5], [8, 4, 11, 26, 39, 6, 22, 19, 6, 25, 30, 6, 25, 7, 9, 3, 10, 5], [4, 44, 21, 28, 15, 16, 5], [4, 28, 15, 16, 7, 0, 15, 16, 12, 6, 13, 5], [8, 4, 11, 18, 17, 43, 14, 3, 23, 41, 7, 9, 3, 10, 5], [8, 4, 11, 18, 6, 22, 19, 24, 14, 3, 42, 7, 9, 3, 10, 5], [4, 36, 17, 31, 32, 12, 6, 13, 21, 37, 27, 12, 6, 13, 5], [8, 4, 11, 46, 20, 14, 3, 40, 7, 9, 3, 10, 5], [4, 37, 27, 12, 6, 13, 7, 0, 20, 12, 6, 13, 5], [4, 44, 21, 37, 27, 12, 6, 13, 5], [8, 4, 0, 0, 0, 7, 9, 3, 10, 5], [4, 37, 27, 12, 6, 13, 21, 44, 5], [8, 4, 11, 46, 20, 14, 3, 23, 38, 35, 0, 7, 9, 3, 10, 5], [8, 4, 11, 18, 17, 33, 19, 34, 14, 3, 23, 38, 35, 0, 7, 9, 3, 10, 5], [8, 4, 11, 18, 6, 22, 19, 24, 14, 3, 23, 38, 35, 45, 20, 7, 9, 3, 10, 5], [4, 28, 15, 16, 21, 28, 15, 16, 5], [4, 28, 15, 16, 21, 29, 15, 16, 12, 6, 13, 5], [8, 4, 11, 18, 17, 33, 19, 34, 7, 9, 3, 10, 5], [4, 29, 15, 16, 12, 6, 13, 7, 0, 20, 12, 6, 13, 5], [8, 4, 11, 26, 39, 6, 22, 19, 6, 25, 30, 24, 7, 9, 3, 10, 5]]
  0%|          | 0/1 [00:00<?, ?it/s]100%|██████████| 1/1 [00:03<00:00,  3.50s/it]                                             100%|██████████| 1/1 [00:03<00:00,  3.50s/it]100%|██████████| 1/1 [00:03<00:00,  3.55s/it]
{'train_runtime': 3.6228, 'train_samples_per_second': 20.978, 'train_steps_per_second': 0.276, 'train_loss': 3.8730621337890625, 'epoch': 0.8}
  0%|          | 0/1 [00:00<?, ?it/s]100%|██████████| 1/1 [00:00<00:00,  9.36it/s]
[ 6 15 16 12  5 20 35  4 12 13  7 11  7  5  3 10  8 26  7]
[37 17  3  3  7 17  3  3  3  3  7  3 20  3  3 23  3  7  3]
adding, committing, and pushing results to remote dir...
