setting up Miniconda...
activating virtual env...
current conda environment: basic310
activating ssh connection...
Agent pid 2491522
Identity added: /home/11864265/.ssh/id_ed25519 (11864265@fnwi-h0.science.uva.nl)
parsing input arguments...
Branch: feature/retrain_grammar
fetching and pulling latest changes from remote dir...
Already up to date.
retraining the models...
Running script for version 0.2
2024-04-08 12:13:28 | INFO | fairseq.tasks.text_to_speech | Please install tensorboardX: pip install tensorboardX
2024-04-08 12:13:29 | INFO | __main__ | Running on cuda.
2024-04-08 12:13:29 | INFO | __main__ | Loading tokenizer
2024-04-08 12:13:29 | INFO | __main__ | Initializing PCFG
Traceback (most recent call last):
  File "/home/11864265/Documents/thesis_code/reduce_grammar/retrain.py", line 75, in <module>
    lm_language = PCFG(config, tokenizer)
  File "/home/11864265/Documents/thesis_code/reduce_grammar/classes/language.py", line 54, in __init__
    self.grammar = self.create_grammar()
  File "/home/11864265/Documents/thesis_code/reduce_grammar/classes/pcfg.py", line 50, in create_grammar
    with open(self.config.grammar_file) as f:
FileNotFoundError: [Errno 2] No such file or directory: 'grammars/nltk/normal/subset_pcfg_0.2.txt'
srun: error: fnwi-cn005: task 0: Exited with exit code 1
/var/spool/slurm/d/job03378/slurm_script: line 54: --output_dir=/scratch/11864265/results: No such file or directory
Running script for version 0.3
2024-04-08 12:13:41 | INFO | fairseq.tasks.text_to_speech | Please install tensorboardX: pip install tensorboardX
2024-04-08 12:13:42 | INFO | __main__ | Running on cuda.
2024-04-08 12:13:42 | INFO | __main__ | Loading tokenizer
2024-04-08 12:13:42 | INFO | __main__ | Initializing PCFG
Traceback (most recent call last):
  File "/home/11864265/Documents/thesis_code/reduce_grammar/retrain.py", line 75, in <module>
    lm_language = PCFG(config, tokenizer)
  File "/home/11864265/Documents/thesis_code/reduce_grammar/classes/language.py", line 54, in __init__
    self.grammar = self.create_grammar()
  File "/home/11864265/Documents/thesis_code/reduce_grammar/classes/pcfg.py", line 50, in create_grammar
    with open(self.config.grammar_file) as f:
FileNotFoundError: [Errno 2] No such file or directory: 'grammars/nltk/normal/subset_pcfg_0.2.txt'
srun: error: fnwi-cn005: task 0: Exited with exit code 1
/var/spool/slurm/d/job03378/slurm_script: line 54: --output_dir=/scratch/11864265/results: No such file or directory
Running script for version 0.4
2024-04-08 12:13:51 | INFO | fairseq.tasks.text_to_speech | Please install tensorboardX: pip install tensorboardX
2024-04-08 12:13:52 | INFO | __main__ | Running on cuda.
2024-04-08 12:13:52 | INFO | __main__ | Loading tokenizer
2024-04-08 12:13:52 | INFO | __main__ | Initializing PCFG
Traceback (most recent call last):
  File "/home/11864265/Documents/thesis_code/reduce_grammar/retrain.py", line 75, in <module>
    lm_language = PCFG(config, tokenizer)
  File "/home/11864265/Documents/thesis_code/reduce_grammar/classes/language.py", line 54, in __init__
    self.grammar = self.create_grammar()
  File "/home/11864265/Documents/thesis_code/reduce_grammar/classes/pcfg.py", line 50, in create_grammar
    with open(self.config.grammar_file) as f:
FileNotFoundError: [Errno 2] No such file or directory: 'grammars/nltk/normal/subset_pcfg_0.2.txt'
srun: error: fnwi-cn005: task 0: Exited with exit code 1
/var/spool/slurm/d/job03378/slurm_script: line 54: --output_dir=/scratch/11864265/results: No such file or directory
Running script for version 0.5
2024-04-08 12:14:00 | INFO | fairseq.tasks.text_to_speech | Please install tensorboardX: pip install tensorboardX
2024-04-08 12:14:01 | INFO | __main__ | Running on cuda.
2024-04-08 12:14:01 | INFO | __main__ | Loading tokenizer
2024-04-08 12:14:01 | INFO | __main__ | Initializing PCFG
Traceback (most recent call last):
  File "/home/11864265/Documents/thesis_code/reduce_grammar/retrain.py", line 75, in <module>
    lm_language = PCFG(config, tokenizer)
  File "/home/11864265/Documents/thesis_code/reduce_grammar/classes/language.py", line 54, in __init__
    self.grammar = self.create_grammar()
  File "/home/11864265/Documents/thesis_code/reduce_grammar/classes/pcfg.py", line 50, in create_grammar
    with open(self.config.grammar_file) as f:
FileNotFoundError: [Errno 2] No such file or directory: 'grammars/nltk/normal/subset_pcfg_0.2.txt'
srun: error: fnwi-cn005: task 0: Exited with exit code 1
/var/spool/slurm/d/job03378/slurm_script: line 54: --output_dir=/scratch/11864265/results: No such file or directory
Running script for version 0.6
2024-04-08 12:14:10 | INFO | fairseq.tasks.text_to_speech | Please install tensorboardX: pip install tensorboardX
2024-04-08 12:14:11 | INFO | __main__ | Running on cuda.
2024-04-08 12:14:11 | INFO | __main__ | Loading tokenizer
2024-04-08 12:14:11 | INFO | __main__ | Initializing PCFG
Traceback (most recent call last):
  File "/home/11864265/Documents/thesis_code/reduce_grammar/retrain.py", line 75, in <module>
    lm_language = PCFG(config, tokenizer)
  File "/home/11864265/Documents/thesis_code/reduce_grammar/classes/language.py", line 54, in __init__
    self.grammar = self.create_grammar()
  File "/home/11864265/Documents/thesis_code/reduce_grammar/classes/pcfg.py", line 50, in create_grammar
    with open(self.config.grammar_file) as f:
FileNotFoundError: [Errno 2] No such file or directory: 'grammars/nltk/normal/subset_pcfg_0.2.txt'
srun: error: fnwi-cn005: task 0: Exited with exit code 1
/var/spool/slurm/d/job03378/slurm_script: line 54: --output_dir=/scratch/11864265/results: No such file or directory
Running script for version 0.7
2024-04-08 12:14:19 | INFO | fairseq.tasks.text_to_speech | Please install tensorboardX: pip install tensorboardX
2024-04-08 12:14:20 | INFO | __main__ | Running on cuda.
2024-04-08 12:14:20 | INFO | __main__ | Loading tokenizer
2024-04-08 12:14:20 | INFO | __main__ | Initializing PCFG
Traceback (most recent call last):
  File "/home/11864265/Documents/thesis_code/reduce_grammar/retrain.py", line 75, in <module>
    lm_language = PCFG(config, tokenizer)
  File "/home/11864265/Documents/thesis_code/reduce_grammar/classes/language.py", line 54, in __init__
    self.grammar = self.create_grammar()
  File "/home/11864265/Documents/thesis_code/reduce_grammar/classes/pcfg.py", line 50, in create_grammar
    with open(self.config.grammar_file) as f:
FileNotFoundError: [Errno 2] No such file or directory: 'grammars/nltk/normal/subset_pcfg_0.2.txt'
srun: error: fnwi-cn005: task 0: Exited with exit code 1
/var/spool/slurm/d/job03378/slurm_script: line 54: --output_dir=/scratch/11864265/results: No such file or directory
Running script for version 0.8
2024-04-08 12:14:28 | INFO | fairseq.tasks.text_to_speech | Please install tensorboardX: pip install tensorboardX
2024-04-08 12:14:29 | INFO | __main__ | Running on cuda.
2024-04-08 12:14:29 | INFO | __main__ | Loading tokenizer
2024-04-08 12:14:29 | INFO | __main__ | Initializing PCFG
Traceback (most recent call last):
  File "/home/11864265/Documents/thesis_code/reduce_grammar/retrain.py", line 75, in <module>
    lm_language = PCFG(config, tokenizer)
  File "/home/11864265/Documents/thesis_code/reduce_grammar/classes/language.py", line 54, in __init__
    self.grammar = self.create_grammar()
  File "/home/11864265/Documents/thesis_code/reduce_grammar/classes/pcfg.py", line 50, in create_grammar
    with open(self.config.grammar_file) as f:
FileNotFoundError: [Errno 2] No such file or directory: 'grammars/nltk/normal/subset_pcfg_0.2.txt'
srun: error: fnwi-cn005: task 0: Exited with exit code 1
/var/spool/slurm/d/job03378/slurm_script: line 54: --output_dir=/scratch/11864265/results: No such file or directory
adding, committing, and pushing results to remote dir...
[feature/retrain cad295d] save results from run (automated commit from Lisa).
 Committer: Sabijn Perdijk <11864265@fnwi-cn005.localdomain>
Your name and email address were configured automatically based
on your username and hostname. Please check that they are accurate.
You can suppress this message by setting them explicitly. Run the
following command and follow the instructions in your editor to edit
your configuration file:

    git config --global --edit

After doing this, you may fix the identity used for this commit with:

    git commit --amend --reset-author

 2 files changed, 136 insertions(+)
 create mode 100644 reduce_grammar/jobs/slurm_output_3378.out
To github.com:sabijn/thesis_code.git
   bf3c5e4..cad295d  feature/retrain -> feature/retrain
done.
