setting up Miniconda...
activating virtual env...
current conda environment: basic310
activating ssh connection...
Agent pid 2576071
Identity added: /home/11864265/.ssh/id_ed25519 (11864265@fnwi-h0.science.uva.nl)
parsing input arguments...
Branch: feature/retrain
fetching and pulling latest changes from remote dir...
Already up to date.
running perturbed masking...
Setting recursion limit on 10.000...
Started to load full PCFG...
Finished loading PCFG...
************ Creating subset PCFG with top k = 0.8... ************
Starting with 2513065 productions.
Created subset PCFG with a length of 2241644 productions.
Cleaning subset: (1) removing unreachable productions...
Amount of reachable nonterminals: 625
Finished cleaning subset (1) left with 2193408 productions.
Cleaning subset: (2) renormalizing probabilities...
Finished cleaning subset (2)
Write subset PCFG to pickle...
Setting recursion limit on 10.000...
Started to load full PCFG...
Finished loading PCFG...
************ Creating subset PCFG with top k = 0.9... ************
Starting with 2513065 productions.
Created subset PCFG with a length of 2262170 productions.
Cleaning subset: (1) removing unreachable productions...
Amount of reachable nonterminals: 678
Finished cleaning subset (1) left with 2225571 productions.
Cleaning subset: (2) renormalizing probabilities...
Finished cleaning subset (2)
Write subset PCFG to pickle...
adding, committing, and pushing results to remote dir...
