setting up Miniconda...
activating virtual env...
current conda environment: basic310
activating ssh connection...
Agent pid 2680794
Identity added: /home/11864265/.ssh/id_ed25519 (11864265@fnwi-h0.science.uva.nl)
parsing input arguments...
Branch: feature/retrain
fetching and pulling latest changes from remote dir...
Already up to date.
running generating corpora...
Running script for version pos
2024-04-22 15:58:16 | INFO | fairseq.tasks.text_to_speech | Please install tensorboardX: pip install tensorboardX
2024-04-22 15:58:17 | INFO | classes.language | Loading corpus from file.
Running script for version normal
2024-04-22 15:58:27 | INFO | fairseq.tasks.text_to_speech | Please install tensorboardX: pip install tensorboardX
2024-04-22 15:58:28 | INFO | classes.language | Loading corpus from file.
adding, committing, and pushing results to remote dir...
[feature/retrain 2f1bcc1] save results from run (automated commit from Lisa).
 Committer: Sabijn Perdijk <11864265@fnwi-cn005.localdomain>
Your name and email address were configured automatically based
on your username and hostname. Please check that they are accurate.
You can suppress this message by setting them explicitly. Run the
following command and follow the instructions in your editor to edit
your configuration file:

    git config --global --edit

After doing this, you may fix the identity used for this commit with:

    git commit --amend --reset-author

 2 files changed, 37 insertions(+)
 create mode 100644 reduce_grammar/jobs/slurm_output_3630.out
To github.com:sabijn/thesis_code.git
   b164e04..2f1bcc1  feature/retrain -> feature/retrain
done.
