setting up Miniconda...
activating virtual env...
current conda environment: basic310
activating ssh connection...
Agent pid 2678052
Identity added: /home/11864265/.ssh/id_ed25519 (11864265@fnwi-h0.science.uva.nl)
parsing input arguments...
Branch: feature/retrain
fetching and pulling latest changes from remote dir...
Already up to date.
running perturbed masking...
Started to load full PCFG...
Finished loading PCFG...
************ Creating subset PCFG with top k = 0.2... ************
Starting with 2513065 productions.
Created subset PCFG with a length of 2228320 productions.
Cleaning subset: (1) removing unreachable productions...
Amount of reachable nonterminals: 114
Finished cleaning subset (1) left with 324611 productions.
Cleaning subset: (2) renormalizing probabilities...
Finished cleaning subset (2)
Write subset PCFG to pickle...
324611
Started to load full PCFG...
Finished loading PCFG...
************ Creating subset PCFG with top k = 0.3... ************
Starting with 2513065 productions.
Created subset PCFG with a length of 2228545 productions.
Cleaning subset: (1) removing unreachable productions...
Amount of reachable nonterminals: 157
Finished cleaning subset (1) left with 473873 productions.
Cleaning subset: (2) renormalizing probabilities...
Finished cleaning subset (2)
Write subset PCFG to pickle...
473873
Started to load full PCFG...
Finished loading PCFG...
************ Creating subset PCFG with top k = 0.4... ************
Starting with 2513065 productions.
Created subset PCFG with a length of 2228874 productions.
Cleaning subset: (1) removing unreachable productions...
Amount of reachable nonterminals: 299
Finished cleaning subset (1) left with 1034840 productions.
Cleaning subset: (2) renormalizing probabilities...
Finished cleaning subset (2)
Write subset PCFG to pickle...
1034840
usage: generate_subset.py [-h] [--pcfg_dir PCFG_DIR] [--output_dir OUTPUT_DIR]
                          [--top_k TOP_K] [--save | --no-save]
                          [--load | --no-load] [--lexical | --no-lexical]
                          [--no_recursion | --no-no_recursion]
generate_subset.py: error: argument --top_k: invalid float value: '0.5 0.6'
srun: error: fnwi-cn005: task 0: Exited with exit code 2
Started to load full PCFG...
Finished loading PCFG...
************ Creating subset PCFG with top k = 0.7... ************
Starting with 2513065 productions.
Created subset PCFG with a length of 2234075 productions.
Cleaning subset: (1) removing unreachable productions...
Amount of reachable nonterminals: 660
Finished cleaning subset (1) left with 2200563 productions.
Cleaning subset: (2) renormalizing probabilities...
Finished cleaning subset (2)
Write subset PCFG to pickle...
2200563
Started to load full PCFG...
Finished loading PCFG...
************ Creating subset PCFG with top k = 0.8... ************
Starting with 2513065 productions.
Created subset PCFG with a length of 2241644 productions.
Cleaning subset: (1) removing unreachable productions...
Amount of reachable nonterminals: 699
Finished cleaning subset (1) left with 2241185 productions.
Cleaning subset: (2) renormalizing probabilities...
Finished cleaning subset (2)
Write subset PCFG to pickle...
2241185
Started to load full PCFG...
Finished loading PCFG...
************ Creating subset PCFG with top k = 0.9... ************
Starting with 2513065 productions.
Created subset PCFG with a length of 2262170 productions.
Cleaning subset: (1) removing unreachable productions...
Amount of reachable nonterminals: 711
Finished cleaning subset (1) left with 2262131 productions.
Cleaning subset: (2) renormalizing probabilities...
Finished cleaning subset (2)
Write subset PCFG to pickle...
2262131
adding, committing, and pushing results to remote dir...
