setting up Miniconda...
activating virtual env...
current conda environment: basic310
activating ssh connection...
Agent pid 2537592
Identity added: /home/11864265/.ssh/id_ed25519 (11864265@fnwi-h0.science.uva.nl)
parsing input arguments...
Branch: feature/retrain_grammar
fetching and pulling latest changes from remote dir...
From github.com:sabijn/thesis_code
   a0e0ccd..3243889  feature/retrain -> origin/feature/retrain
Updating a0e0ccd..3243889
Fast-forward
 reduce_grammar/classes/pcfg.py | 4 ++--
 1 file changed, 2 insertions(+), 2 deletions(-)
running generating corpora...
Running script for version normal
2024-04-11 12:09:10 | INFO | fairseq.tasks.text_to_speech | Please install tensorboardX: pip install tensorboardX
2024-04-11 12:09:19 | INFO | classes.language | Creating corpus from grammar.
adding, committing, and pushing results to remote dir...
[feature/retrain 4068fbf] save results from run (automated commit from Lisa).
 Committer: Sabijn Perdijk <11864265@fnwi-cn005.localdomain>
Your name and email address were configured automatically based
on your username and hostname. Please check that they are accurate.
You can suppress this message by setting them explicitly. Run the
following command and follow the instructions in your editor to edit
your configuration file:

    git config --global --edit

After doing this, you may fix the identity used for this commit with:

    git commit --amend --reset-author

 2 files changed, 39 insertions(+)
 create mode 100644 reduce_grammar/jobs/slurm_output_3429.out
To github.com:sabijn/thesis_code.git
   3243889..4068fbf  feature/retrain -> feature/retrain
done.
