setting up Miniconda...
activating virtual env...
current conda environment: basic310
activating ssh connection...
Agent pid 2539129
Identity added: /home/11864265/.ssh/id_ed25519 (11864265@fnwi-h0.science.uva.nl)
parsing input arguments...
Branch: feature/retrain_grammar
fetching and pulling latest changes from remote dir...
Already up to date.
running generating corpora...
Running script for version pos
2024-04-11 13:50:32 | INFO | fairseq.tasks.text_to_speech | Please install tensorboardX: pip install tensorboardX
2024-04-11 13:50:34 | INFO | classes.language | Creating corpus from grammar.
adding, committing, and pushing results to remote dir...
[feature/retrain 15ecb13] save results from run (automated commit from Lisa).
 Committer: Sabijn Perdijk <11864265@fnwi-cn005.localdomain>
Your name and email address were configured automatically based
on your username and hostname. Please check that they are accurate.
You can suppress this message by setting them explicitly. Run the
following command and follow the instructions in your editor to edit
your configuration file:

    git config --global --edit

After doing this, you may fix the identity used for this commit with:

    git commit --amend --reset-author

 3 files changed, 277 insertions(+)
 create mode 100644 reduce_grammar/jobs/slurm_output_3440.out
 create mode 100644 reduce_grammar/jobs/slurm_output_3441.out
To github.com:sabijn/thesis_code.git
   594be84..15ecb13  feature/retrain -> feature/retrain
done.
