setting up Miniconda...
activating virtual env...
current conda environment: basic310
activating ssh connection...
Agent pid 2534206
Identity added: /home/11864265/.ssh/id_ed25519 (11864265@fnwi-h0.science.uva.nl)
parsing input arguments...
Branch: feature/retrain_grammar
fetching and pulling latest changes from remote dir...
Already up to date.
running generating corpora...
Running script for version normal
2024-04-11 09:08:18 | INFO | fairseq.tasks.text_to_speech | Please install tensorboardX: pip install tensorboardX
2024-04-11 09:08:19 | INFO | classes.language | Loading corpus from file.
Running script for version pos
2024-04-11 09:14:54 | INFO | fairseq.tasks.text_to_speech | Please install tensorboardX: pip install tensorboardX
2024-04-11 09:14:55 | INFO | classes.language | Loading corpus from file.
Running script for version normal
2024-04-11 09:15:04 | INFO | fairseq.tasks.text_to_speech | Please install tensorboardX: pip install tensorboardX
2024-04-11 09:15:05 | INFO | classes.language | Loading corpus from file.
Running script for version pos
2024-04-11 09:22:26 | INFO | fairseq.tasks.text_to_speech | Please install tensorboardX: pip install tensorboardX
2024-04-11 09:22:27 | INFO | classes.language | Loading corpus from file.
Running script for version normal
2024-04-11 09:23:38 | INFO | fairseq.tasks.text_to_speech | Please install tensorboardX: pip install tensorboardX
2024-04-11 09:23:39 | INFO | classes.language | Loading corpus from file.
Running script for version pos
2024-04-11 09:30:32 | INFO | fairseq.tasks.text_to_speech | Please install tensorboardX: pip install tensorboardX
2024-04-11 09:30:33 | INFO | classes.language | Loading corpus from file.
slurmstepd: error: Detected 1 oom-kill event(s) in StepId=3421.5. Some of your processes may have been killed by the cgroup out-of-memory handler.
srun: error: fnwi-cn005: task 0: Out Of Memory
Running script for version normal
2024-04-11 09:37:10 | INFO | fairseq.tasks.text_to_speech | Please install tensorboardX: pip install tensorboardX
2024-04-11 09:37:11 | INFO | classes.language | Loading corpus from file.
Running script for version pos
2024-04-11 09:43:43 | INFO | fairseq.tasks.text_to_speech | Please install tensorboardX: pip install tensorboardX
2024-04-11 09:43:44 | INFO | classes.language | Loading corpus from file.
slurmstepd: error: Detected 1 oom-kill event(s) in StepId=3421.7. Some of your processes may have been killed by the cgroup out-of-memory handler.
srun: error: fnwi-cn005: task 0: Out Of Memory
Running script for version normal
2024-04-11 09:49:57 | INFO | fairseq.tasks.text_to_speech | Please install tensorboardX: pip install tensorboardX
2024-04-11 09:49:58 | INFO | classes.language | Loading corpus from file.
Running script for version pos
2024-04-11 09:56:15 | INFO | fairseq.tasks.text_to_speech | Please install tensorboardX: pip install tensorboardX
2024-04-11 09:56:15 | INFO | classes.language | Loading corpus from file.
Running script for version normal
2024-04-11 10:03:19 | INFO | fairseq.tasks.text_to_speech | Please install tensorboardX: pip install tensorboardX
2024-04-11 10:03:22 | INFO | classes.language | Loading corpus from file.
Running script for version pos
2024-04-11 10:09:43 | INFO | fairseq.tasks.text_to_speech | Please install tensorboardX: pip install tensorboardX
2024-04-11 10:09:44 | INFO | classes.language | Loading corpus from file.
Running script for version normal
2024-04-11 10:16:28 | INFO | fairseq.tasks.text_to_speech | Please install tensorboardX: pip install tensorboardX
2024-04-11 10:16:34 | INFO | classes.language | Loading corpus from file.
Running script for version pos
2024-04-11 10:22:51 | INFO | fairseq.tasks.text_to_speech | Please install tensorboardX: pip install tensorboardX
2024-04-11 10:22:53 | INFO | classes.language | Loading corpus from file.
adding, committing, and pushing results to remote dir...
[feature/retrain 4c111b5] save results from run (automated commit from Lisa).
 Committer: Sabijn Perdijk <11864265@fnwi-cn005.localdomain>
Your name and email address were configured automatically based
on your username and hostname. Please check that they are accurate.
You can suppress this message by setting them explicitly. Run the
following command and follow the instructions in your editor to edit
your configuration file:

    git config --global --edit

After doing this, you may fix the identity used for this commit with:

    git commit --amend --reset-author

 2 files changed, 77 insertions(+)
 create mode 100644 reduce_grammar/jobs/slurm_output_3421.out
To github.com:sabijn/thesis_code.git
   e01c340..4c111b5  feature/retrain -> feature/retrain
done.
slurmstepd: error: Detected 2 oom-kill event(s) in StepId=3421.batch. Some of your processes may have been killed by the cgroup out-of-memory handler.
