setting up Miniconda...
activating virtual env...
current conda environment: basic310
activating ssh connection...
Agent pid 2538076
Identity added: /home/11864265/.ssh/id_ed25519 (11864265@fnwi-h0.science.uva.nl)
parsing input arguments...
Branch: feature/retrain_grammar
fetching and pulling latest changes from remote dir...
From github.com:sabijn/thesis_code
   4068fbf..2e155a6  feature/retrain -> origin/feature/retrain
Updating 4068fbf..2e155a6
Fast-forward
 reduce_grammar/jobs/generate_corpus.job | 2 +-
 1 file changed, 1 insertion(+), 1 deletion(-)
running generating corpora...
Running script for version normal
2024-04-11 12:39:52 | INFO | fairseq.tasks.text_to_speech | Please install tensorboardX: pip install tensorboardX
2024-04-11 12:40:02 | INFO | classes.language | Creating corpus from grammar.
adding, committing, and pushing results to remote dir...
