setting up Miniconda...
activating virtual env...
current conda environment: basic310
activating ssh connection...
Agent pid 2457701
Identity added: /home/11864265/.ssh/id_ed25519 (11864265@fnwi-h0.science.uva.nl)
parsing input arguments...
Branch: feature/retrain_grammar
fetching and pulling latest changes from remote dir...
Already up to date.
running generating corpora...
Running script for version normal
2024-04-05 14:25:29 | INFO | fairseq.tasks.text_to_speech | Please install tensorboardX: pip install tensorboardX
Traceback (most recent call last):
  File "/home/11864265/Documents/thesis_code/reduce_grammar/generate_corpora.py", line 58, in <module>
    main(args)
  File "/home/11864265/Documents/thesis_code/reduce_grammar/generate_corpora.py", line 38, in main
    lm_language = PCFG(config, tokenizer)
  File "/home/11864265/Documents/thesis_code/reduce_grammar/classes/language.py", line 62, in __init__
    self.corpus = self.create_corpus()
  File "/home/11864265/Documents/thesis_code/reduce_grammar/classes/pcfg.py", line 41, in create_corpus
    corpus = self._generate_corpus(self.grammar)
  File "/home/11864265/Documents/thesis_code/reduce_grammar/classes/pcfg.py", line 92, in _generate_corpus
    tree = generate_tree(grammar, depth=self.config.max_depth)
  File "/home/11864265/Documents/thesis_code/reduce_grammar/classes/pcfg.py", line 216, in generate_tree
    tree_str = concatenate_subtrees(grammar, [start], depth)
  File "/home/11864265/Documents/thesis_code/reduce_grammar/classes/pcfg.py", line 228, in concatenate_subtrees
    children.append(generate_subtree(grammar, item, depth))
  File "/home/11864265/Documents/thesis_code/reduce_grammar/classes/pcfg.py", line 242, in generate_subtree
    children = concatenate_subtrees(grammar, prod.rhs(), depth - 1)
  File "/home/11864265/Documents/thesis_code/reduce_grammar/classes/pcfg.py", line 228, in concatenate_subtrees
    children.append(generate_subtree(grammar, item, depth))
  File "/home/11864265/Documents/thesis_code/reduce_grammar/classes/pcfg.py", line 242, in generate_subtree
    children = concatenate_subtrees(grammar, prod.rhs(), depth - 1)
  File "/home/11864265/Documents/thesis_code/reduce_grammar/classes/pcfg.py", line 228, in concatenate_subtrees
    children.append(generate_subtree(grammar, item, depth))
  File "/home/11864265/Documents/thesis_code/reduce_grammar/classes/pcfg.py", line 242, in generate_subtree
    children = concatenate_subtrees(grammar, prod.rhs(), depth - 1)
  File "/home/11864265/Documents/thesis_code/reduce_grammar/classes/pcfg.py", line 228, in concatenate_subtrees
    children.append(generate_subtree(grammar, item, depth))
  File "/home/11864265/Documents/thesis_code/reduce_grammar/classes/pcfg.py", line 239, in generate_subtree
    probs = grammar._lhs_prob_index[lhs]
KeyError: ATNP_12
srun: error: fnwi-cn005: task 0: Exited with exit code 1
Running script for version pos
2024-04-05 14:25:51 | INFO | fairseq.tasks.text_to_speech | Please install tensorboardX: pip install tensorboardX
Traceback (most recent call last):
  File "/home/11864265/Documents/thesis_code/reduce_grammar/generate_corpora.py", line 58, in <module>
    main(args)
  File "/home/11864265/Documents/thesis_code/reduce_grammar/generate_corpora.py", line 38, in main
    lm_language = PCFG(config, tokenizer)
  File "/home/11864265/Documents/thesis_code/reduce_grammar/classes/language.py", line 62, in __init__
    self.corpus = self.create_corpus()
  File "/home/11864265/Documents/thesis_code/reduce_grammar/classes/pcfg.py", line 41, in create_corpus
    corpus = self._generate_corpus(self.grammar)
  File "/home/11864265/Documents/thesis_code/reduce_grammar/classes/pcfg.py", line 92, in _generate_corpus
    tree = generate_tree(grammar, depth=self.config.max_depth)
  File "/home/11864265/Documents/thesis_code/reduce_grammar/classes/pcfg.py", line 216, in generate_tree
    tree_str = concatenate_subtrees(grammar, [start], depth)
  File "/home/11864265/Documents/thesis_code/reduce_grammar/classes/pcfg.py", line 228, in concatenate_subtrees
    children.append(generate_subtree(grammar, item, depth))
  File "/home/11864265/Documents/thesis_code/reduce_grammar/classes/pcfg.py", line 242, in generate_subtree
    children = concatenate_subtrees(grammar, prod.rhs(), depth - 1)
  File "/home/11864265/Documents/thesis_code/reduce_grammar/classes/pcfg.py", line 228, in concatenate_subtrees
    children.append(generate_subtree(grammar, item, depth))
  File "/home/11864265/Documents/thesis_code/reduce_grammar/classes/pcfg.py", line 242, in generate_subtree
    children = concatenate_subtrees(grammar, prod.rhs(), depth - 1)
  File "/home/11864265/Documents/thesis_code/reduce_grammar/classes/pcfg.py", line 228, in concatenate_subtrees
    children.append(generate_subtree(grammar, item, depth))
  File "/home/11864265/Documents/thesis_code/reduce_grammar/classes/pcfg.py", line 242, in generate_subtree
    children = concatenate_subtrees(grammar, prod.rhs(), depth - 1)
  File "/home/11864265/Documents/thesis_code/reduce_grammar/classes/pcfg.py", line 228, in concatenate_subtrees
    children.append(generate_subtree(grammar, item, depth))
  File "/home/11864265/Documents/thesis_code/reduce_grammar/classes/pcfg.py", line 239, in generate_subtree
    probs = grammar._lhs_prob_index[lhs]
KeyError: ATNP_12
srun: error: fnwi-cn005: task 0: Exited with exit code 1
adding, committing, and pushing results to remote dir...
