setting up Miniconda...
activating virtual env...
current conda environment: basic310
activating ssh connection...
Agent pid 2415237
Identity added: /home/11864265/.ssh/id_ed25519 (11864265@fnwi-h0.science.uva.nl)
parsing input arguments...
Branch: feature/retrain_grammar
fetching and pulling latest changes from remote dir...
Already up to date.
running generating corpora...
Running script for version normal
usage: generate_corpora.py [-h] [--version {normal,lexical,pos}]
                           [--output_dir OUTPUT_DIR]
                           [--verbose | --no-verbose]
                           [--corpus_size CORPUS_SIZE]
                           [--min_length MIN_LENGTH] [--max_length MAX_LENGTH]
                           [--max_depth MAX_DEPTH]
generate_corpora.py: error: unrecognized arguments: --save --no_recursion
srun: error: fnwi-cn005: task 0: Exited with exit code 2
Running script for version pos
usage: generate_corpora.py [-h] [--version {normal,lexical,pos}]
                           [--output_dir OUTPUT_DIR]
                           [--verbose | --no-verbose]
                           [--corpus_size CORPUS_SIZE]
                           [--min_length MIN_LENGTH] [--max_length MAX_LENGTH]
                           [--max_depth MAX_DEPTH]
generate_corpora.py: error: unrecognized arguments: --save --no_recursion
srun: error: fnwi-cn005: task 0: Exited with exit code 2
adding, committing, and pushing results to remote dir...
