setting up Miniconda...
activating virtual env...
current conda environment: basic310
activating ssh connection...
Agent pid 2581638
Identity added: /home/11864265/.ssh/id_ed25519 (11864265@fnwi-h0.science.uva.nl)
parsing input arguments...
Branch: feature/retrain
fetching and pulling latest changes from remote dir...
Already up to date.
running generating corpora...
Running script for version lexical
2024-04-14 22:21:14 | INFO | fairseq.tasks.text_to_speech | Please install tensorboardX: pip install tensorboardX
Traceback (most recent call last):
  File "/home/11864265/Documents/thesis_code/reduce_grammar/generate_corpora.py", line 1, in <module>
    from classes import (PCFG, PCFGConfig,
  File "/home/11864265/Documents/thesis_code/reduce_grammar/classes/__init__.py", line 7, in <module>
    from .mandelbrot import Mandelbrot, MandelbrotConfig
ImportError: cannot import name 'MandelbrotConfig' from 'classes.mandelbrot' (/home/11864265/Documents/thesis_code/reduce_grammar/classes/mandelbrot.py)
srun: error: fnwi-cn005: task 0: Exited with exit code 1
Running script for version lexical
2024-04-14 22:21:24 | INFO | fairseq.tasks.text_to_speech | Please install tensorboardX: pip install tensorboardX
Traceback (most recent call last):
  File "/home/11864265/Documents/thesis_code/reduce_grammar/generate_corpora.py", line 1, in <module>
    from classes import (PCFG, PCFGConfig,
  File "/home/11864265/Documents/thesis_code/reduce_grammar/classes/__init__.py", line 7, in <module>
    from .mandelbrot import Mandelbrot, MandelbrotConfig
ImportError: cannot import name 'MandelbrotConfig' from 'classes.mandelbrot' (/home/11864265/Documents/thesis_code/reduce_grammar/classes/mandelbrot.py)
srun: error: fnwi-cn005: task 0: Exited with exit code 1
adding, committing, and pushing results to remote dir...
[feature/retrain b5e047a] save results from run (automated commit from Lisa).
 Committer: Sabijn Perdijk <11864265@fnwi-cn005.localdomain>
Your name and email address were configured automatically based
on your username and hostname. Please check that they are accurate.
You can suppress this message by setting them explicitly. Run the
following command and follow the instructions in your editor to edit
your configuration file:

    git config --global --edit

After doing this, you may fix the identity used for this commit with:

    git commit --amend --reset-author

 2 files changed, 49 insertions(+)
 create mode 100644 reduce_grammar/jobs/slurm_output_3489.out
To github.com:sabijn/thesis_code.git
   de90faf..b5e047a  feature/retrain -> feature/retrain
done.
