setting up Miniconda...
activating virtual env...
current conda environment: basic310
activating ssh connection...
Agent pid 2587899
Identity added: /home/11864265/.ssh/id_ed25519 (11864265@fnwi-h0.science.uva.nl)
parsing input arguments...
Branch: feature/retrain
fetching and pulling latest changes from remote dir...
Already up to date.
running generating corpora...
Running script for version lexical
2024-04-15 09:51:05 | INFO | fairseq.tasks.text_to_speech | Please install tensorboardX: pip install tensorboardX
Traceback (most recent call last):
  File "/home/11864265/Documents/thesis_code/reduce_grammar/generate_corpora.py", line 67, in <module>
    main(args)
  File "/home/11864265/Documents/thesis_code/reduce_grammar/generate_corpora.py", line 44, in main
    lm_language = PCFG(config, tokenizer)
  File "/home/11864265/Documents/thesis_code/reduce_grammar/classes/language.py", line 54, in __init__
    self.grammar = self.create_grammar()
  File "/home/11864265/Documents/thesis_code/reduce_grammar/classes/pcfg.py", line 50, in create_grammar
    with open(self.config.grammar_file) as f:
FileNotFoundError: [Errno 2] No such file or directory: '/scratch/11864265/lexical/subset_pcfg_0.8.txt'
srun: error: fnwi-cn005: task 0: Exited with exit code 1
Running script for version lexical
2024-04-15 09:51:21 | INFO | fairseq.tasks.text_to_speech | Please install tensorboardX: pip install tensorboardX
Traceback (most recent call last):
  File "/home/11864265/Documents/thesis_code/reduce_grammar/generate_corpora.py", line 67, in <module>
    main(args)
  File "/home/11864265/Documents/thesis_code/reduce_grammar/generate_corpora.py", line 44, in main
    lm_language = PCFG(config, tokenizer)
  File "/home/11864265/Documents/thesis_code/reduce_grammar/classes/language.py", line 54, in __init__
    self.grammar = self.create_grammar()
  File "/home/11864265/Documents/thesis_code/reduce_grammar/classes/pcfg.py", line 50, in create_grammar
    with open(self.config.grammar_file) as f:
FileNotFoundError: [Errno 2] No such file or directory: '/scratch/11864265/lexical/subset_pcfg_0.9.txt'
srun: error: fnwi-cn005: task 0: Exited with exit code 1
adding, committing, and pushing results to remote dir...
