setting up Miniconda...
activating virtual env...
current conda environment: basic310
activating ssh connection...
Agent pid 2495673
Identity added: /home/11864265/.ssh/id_ed25519 (11864265@fnwi-h0.science.uva.nl)
parsing input arguments...
Branch: feature/retrain_grammar
fetching and pulling latest changes from remote dir...
Already up to date.
running generating corpora...
Running script for version normal
2024-04-08 15:59:07 | INFO | fairseq.tasks.text_to_speech | Please install tensorboardX: pip install tensorboardX
2024-04-08 15:59:08 | INFO | classes.language | Loading corpus from file.
Running script for version pos
2024-04-08 16:02:51 | INFO | fairseq.tasks.text_to_speech | Please install tensorboardX: pip install tensorboardX
2024-04-08 16:02:52 | INFO | classes.language | Loading corpus from file.
Running script for version normal
2024-04-08 16:03:00 | INFO | fairseq.tasks.text_to_speech | Please install tensorboardX: pip install tensorboardX
2024-04-08 16:03:01 | INFO | classes.language | Loading corpus from file.
Running script for version pos
2024-04-08 16:07:19 | INFO | fairseq.tasks.text_to_speech | Please install tensorboardX: pip install tensorboardX
2024-04-08 16:07:20 | INFO | classes.language | Loading corpus from file.
Running script for version normal
2024-04-08 16:08:04 | INFO | fairseq.tasks.text_to_speech | Please install tensorboardX: pip install tensorboardX
2024-04-08 16:08:04 | INFO | classes.language | Loading corpus from file.
Running script for version pos
2024-04-08 16:12:03 | INFO | fairseq.tasks.text_to_speech | Please install tensorboardX: pip install tensorboardX
2024-04-08 16:12:04 | INFO | classes.language | Loading corpus from file.
Running script for version normal
2024-04-08 16:17:21 | INFO | fairseq.tasks.text_to_speech | Please install tensorboardX: pip install tensorboardX
2024-04-08 16:17:21 | INFO | classes.language | Loading corpus from file.
Running script for version pos
2024-04-08 16:21:16 | INFO | fairseq.tasks.text_to_speech | Please install tensorboardX: pip install tensorboardX
2024-04-08 16:21:17 | INFO | classes.language | Loading corpus from file.
Running script for version normal
2024-04-08 16:26:17 | INFO | fairseq.tasks.text_to_speech | Please install tensorboardX: pip install tensorboardX
2024-04-08 16:26:18 | INFO | classes.language | Loading corpus from file.
Running script for version pos
2024-04-08 16:30:06 | INFO | fairseq.tasks.text_to_speech | Please install tensorboardX: pip install tensorboardX
2024-04-08 16:30:06 | INFO | classes.language | Loading corpus from file.
Running script for version normal
2024-04-08 16:34:26 | INFO | fairseq.tasks.text_to_speech | Please install tensorboardX: pip install tensorboardX
2024-04-08 16:34:27 | INFO | classes.language | Loading corpus from file.
Running script for version pos
2024-04-08 16:38:16 | INFO | fairseq.tasks.text_to_speech | Please install tensorboardX: pip install tensorboardX
2024-04-08 16:38:17 | INFO | classes.language | Loading corpus from file.
Running script for version normal
2024-04-08 16:42:26 | INFO | fairseq.tasks.text_to_speech | Please install tensorboardX: pip install tensorboardX
2024-04-08 16:42:27 | INFO | classes.language | Loading corpus from file.
Running script for version pos
2024-04-08 16:46:14 | INFO | fairseq.tasks.text_to_speech | Please install tensorboardX: pip install tensorboardX
2024-04-08 16:46:15 | INFO | classes.language | Loading corpus from file.
adding, committing, and pushing results to remote dir...
[feature/retrain dc86a7d] save results from run (automated commit from Lisa).
 Committer: Sabijn Perdijk <11864265@fnwi-cn005.localdomain>
Your name and email address were configured automatically based
on your username and hostname. Please check that they are accurate.
You can suppress this message by setting them explicitly. Run the
following command and follow the instructions in your editor to edit
your configuration file:

    git config --global --edit

After doing this, you may fix the identity used for this commit with:

    git commit --amend --reset-author

 4 files changed, 93 insertions(+)
 create mode 100644 reduce_grammar/jobs/slurm_output_3384.out
 create mode 100644 reduce_grammar/jobs/slurm_output_3385.out
To github.com:sabijn/thesis_code.git
   a37d33a..dc86a7d  feature/retrain -> feature/retrain
done.
