setting up Miniconda...
activating virtual env...
current conda environment: basic310
activating ssh connection...
Agent pid 2427706
Identity added: /home/11864265/.ssh/id_ed25519 (11864265@fnwi-h0.science.uva.nl)
parsing input arguments...
Branch: feature/retrain_grammar
fetching and pulling latest changes from remote dir...
Already up to date.
running perturbed masking...
Started to load full PCFG...
Finished loading PCFG...
************ Creating subset PCFG with top k = 0.9... ************
Starting with 2513065 productions.
Created subset PCFG with a length of 249907 productions.
Cleaning subset: (1) removing unreachable productions...
Amount of reachable nonterminals: 693
Finished cleaning subset (1) left with 237195 productions.
Cleaning subset: (2) renormalizing probabilities...
Finished cleaning subset (2)
Cleaning subset: (3) adding POS tags...
Finished cleaning subset (3)
Write subset PCFG to pickle...
Done
adding, committing, and pushing results to remote dir...
