setting up Miniconda...
activating virtual env...
current conda environment: basic310
activating ssh connection...
Agent pid 2610924
Identity added: /home/11864265/.ssh/id_ed25519 (11864265@fnwi-h0.science.uva.nl)
parsing input arguments...
Branch: feature/retrain
fetching and pulling latest changes from remote dir...
Already up to date.
running perturbed masking...
Setting recursion limit on 10.000...
Started to load full PCFG...
Finished loading PCFG...
************ Creating subset PCFG with top k = 0.9... ************
Starting with 2513065 productions.
Created subset PCFG with a length of 2262170 productions.
Cleaning subset: (1) removing unreachable productions...
Amount of reachable nonterminals: 676
Finished cleaning subset (1) left with 2241925 productions.
Cleaning subset: (2) renormalizing probabilities...
Finished cleaning subset (2)
Write subset PCFG to pickle...
adding, committing, and pushing results to remote dir...
[feature/retrain 786157a] save results from run (automated commit from Lisa).
 Committer: Sabijn Perdijk <11864265@fnwi-cn005.localdomain>
Your name and email address were configured automatically based
on your username and hostname. Please check that they are accurate.
You can suppress this message by setting them explicitly. Run the
following command and follow the instructions in your editor to edit
your configuration file:

    git config --global --edit

After doing this, you may fix the identity used for this commit with:

    git commit --amend --reset-author

 2 files changed, 29 insertions(+)
To github.com:sabijn/thesis_code.git
   07dfb79..786157a  feature/retrain -> feature/retrain
done.
