setting up Miniconda...
activating virtual env...
current conda environment: basic310
activating ssh connection...
Agent pid 2563948
Identity added: /home/11864265/.ssh/id_ed25519 (11864265@fnwi-h0.science.uva.nl)
parsing input arguments...
Branch: feature/retrain
fetching and pulling latest changes from remote dir...
Already up to date.
running perturbed masking...
Setting recursion limit on 10.000...
Started to load full PCFG...
Finished loading PCFG...
************ Creating subset PCFG with top k = 0.8... ************
Starting with 2513065 productions.
Created subset PCFG with a length of 2241644 productions.
Cleaning subset: (1) removing unreachable productions...
Amount of reachable nonterminals: 625
Finished cleaning subset (1) left with 2193408 productions.
Cleaning subset: (2) renormalizing probabilities...
Finished cleaning subset (2)
Write subset PCFG to pickle...
Done
Traceback (most recent call last):
  File "/home/11864265/Documents/thesis_code/reduce_grammar/generate_subset.py", line 283, in <module>
    subset_pcfg, subset_pcfg_pos = load_subset_pcfg(prod_productions_v2, 
  File "/home/11864265/Documents/thesis_code/reduce_grammar/generate_subset.py", line 254, in load_subset_pcfg
    subset_pcfg, subset_pcfg_pos = create_subset_pcfg(prob_productions, args, top_k, save=save, lexical=lexical, no_recursion=no_recursion)
  File "/home/11864265/Documents/thesis_code/reduce_grammar/generate_subset.py", line 238, in create_subset_pcfg
    return subset_pcfg, subset_pcfg_pos
UnboundLocalError: local variable 'subset_pcfg_pos' referenced before assignment
srun: error: fnwi-cn005: task 0: Exited with exit code 1
Setting recursion limit on 10.000...
Started to load full PCFG...
Finished loading PCFG...
************ Creating subset PCFG with top k = 0.9... ************
Starting with 2513065 productions.
Created subset PCFG with a length of 2262170 productions.
Cleaning subset: (1) removing unreachable productions...
Amount of reachable nonterminals: 678
Finished cleaning subset (1) left with 2225571 productions.
Cleaning subset: (2) renormalizing probabilities...
Finished cleaning subset (2)
Write subset PCFG to pickle...
Done
Traceback (most recent call last):
  File "/home/11864265/Documents/thesis_code/reduce_grammar/generate_subset.py", line 283, in <module>
    subset_pcfg, subset_pcfg_pos = load_subset_pcfg(prod_productions_v2, 
  File "/home/11864265/Documents/thesis_code/reduce_grammar/generate_subset.py", line 254, in load_subset_pcfg
    subset_pcfg, subset_pcfg_pos = create_subset_pcfg(prob_productions, args, top_k, save=save, lexical=lexical, no_recursion=no_recursion)
  File "/home/11864265/Documents/thesis_code/reduce_grammar/generate_subset.py", line 238, in create_subset_pcfg
    return subset_pcfg, subset_pcfg_pos
UnboundLocalError: local variable 'subset_pcfg_pos' referenced before assignment
srun: error: fnwi-cn005: task 0: Exited with exit code 1
adding, committing, and pushing results to remote dir...
[feature/retrain 149b26f] save results from run (automated commit from Lisa).
 Committer: Sabijn Perdijk <11864265@fnwi-cn005.localdomain>
Your name and email address were configured automatically based
on your username and hostname. Please check that they are accurate.
You can suppress this message by setting them explicitly. Run the
following command and follow the instructions in your editor to edit
your configuration file:

    git config --global --edit

After doing this, you may fix the identity used for this commit with:

    git commit --amend --reset-author

 1 file changed, 56 insertions(+)
 create mode 100644 reduce_grammar/jobs/slurm_output_3455.out
To github.com:sabijn/thesis_code.git
   d1b6918..149b26f  feature/retrain -> feature/retrain
done.
