setting up Miniconda...
activating virtual env...
current conda environment: basic310
activating ssh connection...
Agent pid 2491900
Identity added: /home/11864265/.ssh/id_ed25519 (11864265@fnwi-h0.science.uva.nl)
parsing input arguments...
Branch: feature/retrain_grammar
fetching and pulling latest changes from remote dir...
Already up to date.
retraining the models...
Running script for version 0.2
2024-04-08 12:22:10 | INFO | fairseq.tasks.text_to_speech | Please install tensorboardX: pip install tensorboardX
usage: retrain.py [-h] [--data_dir DATA_DIR] [--output_dir OUTPUT_DIR]
                  [--corpus_file CORPUS_FILE] [--verbose | --no-verbose]
                  [--corpus_size CORPUS_SIZE] [--min_length MIN_LENGTH]
                  [--max_length MAX_LENGTH] [--max_depth MAX_DEPTH]
                  [--top_k TOP_K] [--device DEVICE]
                  [--version {normal,pos,lexical}]
retrain.py: error: unrecognized arguments: --topk=0.2
srun: error: fnwi-cn005: task 0: Exited with exit code 2
Running script for version 0.3
2024-04-08 12:22:19 | INFO | fairseq.tasks.text_to_speech | Please install tensorboardX: pip install tensorboardX
usage: retrain.py [-h] [--data_dir DATA_DIR] [--output_dir OUTPUT_DIR]
                  [--corpus_file CORPUS_FILE] [--verbose | --no-verbose]
                  [--corpus_size CORPUS_SIZE] [--min_length MIN_LENGTH]
                  [--max_length MAX_LENGTH] [--max_depth MAX_DEPTH]
                  [--top_k TOP_K] [--device DEVICE]
                  [--version {normal,pos,lexical}]
retrain.py: error: unrecognized arguments: --topk=0.3
srun: error: fnwi-cn005: task 0: Exited with exit code 2
Running script for version 0.4
2024-04-08 12:22:29 | INFO | fairseq.tasks.text_to_speech | Please install tensorboardX: pip install tensorboardX
usage: retrain.py [-h] [--data_dir DATA_DIR] [--output_dir OUTPUT_DIR]
                  [--corpus_file CORPUS_FILE] [--verbose | --no-verbose]
                  [--corpus_size CORPUS_SIZE] [--min_length MIN_LENGTH]
                  [--max_length MAX_LENGTH] [--max_depth MAX_DEPTH]
                  [--top_k TOP_K] [--device DEVICE]
                  [--version {normal,pos,lexical}]
retrain.py: error: unrecognized arguments: --topk=0.4
srun: error: fnwi-cn005: task 0: Exited with exit code 2
Running script for version 0.5
2024-04-08 12:22:38 | INFO | fairseq.tasks.text_to_speech | Please install tensorboardX: pip install tensorboardX
usage: retrain.py [-h] [--data_dir DATA_DIR] [--output_dir OUTPUT_DIR]
                  [--corpus_file CORPUS_FILE] [--verbose | --no-verbose]
                  [--corpus_size CORPUS_SIZE] [--min_length MIN_LENGTH]
                  [--max_length MAX_LENGTH] [--max_depth MAX_DEPTH]
                  [--top_k TOP_K] [--device DEVICE]
                  [--version {normal,pos,lexical}]
retrain.py: error: unrecognized arguments: --topk=0.5
srun: error: fnwi-cn005: task 0: Exited with exit code 2
Running script for version 0.6
2024-04-08 12:22:47 | INFO | fairseq.tasks.text_to_speech | Please install tensorboardX: pip install tensorboardX
usage: retrain.py [-h] [--data_dir DATA_DIR] [--output_dir OUTPUT_DIR]
                  [--corpus_file CORPUS_FILE] [--verbose | --no-verbose]
                  [--corpus_size CORPUS_SIZE] [--min_length MIN_LENGTH]
                  [--max_length MAX_LENGTH] [--max_depth MAX_DEPTH]
                  [--top_k TOP_K] [--device DEVICE]
                  [--version {normal,pos,lexical}]
retrain.py: error: unrecognized arguments: --topk=0.6
srun: error: fnwi-cn005: task 0: Exited with exit code 2
Running script for version 0.7
2024-04-08 12:22:56 | INFO | fairseq.tasks.text_to_speech | Please install tensorboardX: pip install tensorboardX
usage: retrain.py [-h] [--data_dir DATA_DIR] [--output_dir OUTPUT_DIR]
                  [--corpus_file CORPUS_FILE] [--verbose | --no-verbose]
                  [--corpus_size CORPUS_SIZE] [--min_length MIN_LENGTH]
                  [--max_length MAX_LENGTH] [--max_depth MAX_DEPTH]
                  [--top_k TOP_K] [--device DEVICE]
                  [--version {normal,pos,lexical}]
retrain.py: error: unrecognized arguments: --topk=0.7
srun: error: fnwi-cn005: task 0: Exited with exit code 2
Running script for version 0.8
2024-04-08 12:23:05 | INFO | fairseq.tasks.text_to_speech | Please install tensorboardX: pip install tensorboardX
usage: retrain.py [-h] [--data_dir DATA_DIR] [--output_dir OUTPUT_DIR]
                  [--corpus_file CORPUS_FILE] [--verbose | --no-verbose]
                  [--corpus_size CORPUS_SIZE] [--min_length MIN_LENGTH]
                  [--max_length MAX_LENGTH] [--max_depth MAX_DEPTH]
                  [--top_k TOP_K] [--device DEVICE]
                  [--version {normal,pos,lexical}]
retrain.py: error: unrecognized arguments: --topk=0.8
srun: error: fnwi-cn005: task 0: Exited with exit code 2
adding, committing, and pushing results to remote dir...
[feature/retrain a22a9e3] save results from run (automated commit from Lisa).
 Committer: Sabijn Perdijk <11864265@fnwi-cn005.localdomain>
Your name and email address were configured automatically based
on your username and hostname. Please check that they are accurate.
You can suppress this message by setting them explicitly. Run the
following command and follow the instructions in your editor to edit
your configuration file:

    git config --global --edit

After doing this, you may fix the identity used for this commit with:

    git commit --amend --reset-author

 2 files changed, 101 insertions(+)
 create mode 100644 reduce_grammar/jobs/slurm_output_3379.out
To github.com:sabijn/thesis_code.git
   72abff1..a22a9e3  feature/retrain -> feature/retrain
done.
