setting up Miniconda...
activating virtual env...
current conda environment: basic310
activating ssh connection...
Agent pid 2537484
Identity added: /home/11864265/.ssh/id_ed25519 (11864265@fnwi-h0.science.uva.nl)
parsing input arguments...
Branch: feature/retrain_grammar
fetching and pulling latest changes from remote dir...
From github.com:sabijn/thesis_code
   c28cc54..36754b9  feature/retrain -> origin/feature/retrain
Updating c28cc54..36754b9
Fast-forward
 reduce_grammar/generate_corpora.py | 12 ++++++------
 1 file changed, 6 insertions(+), 6 deletions(-)
running generating corpora...
Running script for version normal
2024-04-11 12:06:23 | INFO | fairseq.tasks.text_to_speech | Please install tensorboardX: pip install tensorboardX
2024-04-11 12:06:33 | INFO | classes.language | Creating corpus from grammar.
Traceback (most recent call last):
  File "/home/11864265/Documents/thesis_code/reduce_grammar/generate_corpora.py", line 67, in <module>
    main(args)
  File "/home/11864265/Documents/thesis_code/reduce_grammar/generate_corpora.py", line 44, in main
    lm_language = PCFG(config, tokenizer)
  File "/home/11864265/Documents/thesis_code/reduce_grammar/classes/language.py", line 68, in __init__
    self.corpus = self.create_corpus()
  File "/home/11864265/Documents/thesis_code/reduce_grammar/classes/pcfg.py", line 47, in create_corpus
    corpus = self._generate_corpus(self.grammar)
  File "/home/11864265/Documents/thesis_code/reduce_grammar/classes/pcfg.py", line 98, in _generate_corpus
    tree = generate_tree(grammar, depth=self.config.max_depth)
  File "/home/11864265/Documents/thesis_code/reduce_grammar/classes/pcfg.py", line 222, in generate_tree
    tree_str = concatenate_subtrees(grammar, [start], depth)
  File "/home/11864265/Documents/thesis_code/reduce_grammar/classes/pcfg.py", line 234, in concatenate_subtrees
    children.append(generate_subtree(grammar, item, depth))
  File "/home/11864265/Documents/thesis_code/reduce_grammar/classes/pcfg.py", line 268, in generate_subtree
    for prod in proposed_prod:
TypeError: 'ProbabilisticProduction' object is not iterable
srun: error: fnwi-cn005: task 0: Exited with exit code 1
adding, committing, and pushing results to remote dir...
