setting up Miniconda...
activating virtual env...
current conda environment: basic310
activating ssh connection...
Agent pid 2441985
Identity added: /home/11864265/.ssh/id_ed25519 (11864265@fnwi-h0.science.uva.nl)
parsing input arguments...
Branch: feature/retrain_grammar
fetching and pulling latest changes from remote dir...
From github.com:sabijn/thesis_code
   943293a..6a04b61  feature/retrain -> origin/feature/retrain
Updating 943293a..6a04b61
Fast-forward
 reduce_grammar/generate_corpora.py | 3 +--
 1 file changed, 1 insertion(+), 2 deletions(-)
running generating corpora...
Running script for version normal
2024-04-04 13:34:20 | INFO | fairseq.tasks.text_to_speech | Please install tensorboardX: pip install tensorboardX
Traceback (most recent call last):
  File "/home/11864265/Documents/thesis_code/reduce_grammar/generate_corpora.py", line 60, in <module>
    main(args)
  File "/home/11864265/Documents/thesis_code/reduce_grammar/generate_corpora.py", line 40, in main
    lm_language = PCFG(config, tokenizer)
  File "/home/11864265/Documents/thesis_code/reduce_grammar/classes/language.py", line 50, in __init__
    self.grammar = self.create_grammar()
  File "/home/11864265/Documents/thesis_code/reduce_grammar/classes/pcfg.py", line 46, in create_grammar
    with open(self.config.grammar_file) as f:
FileNotFoundError: [Errno 2] No such file or directory: '/scratch/11864265/normal/subset_pcfg_0.9.txt'
srun: error: fnwi-cn005: task 0: Exited with exit code 1
Running script for version pos
2024-04-04 15:04:50 | INFO | fairseq.tasks.text_to_speech | Please install tensorboardX: pip install tensorboardX
Traceback (most recent call last):
  File "/home/11864265/Documents/thesis_code/reduce_grammar/generate_corpora.py", line 60, in <module>
    args = parser.parse_args()
  File "/home/11864265/Documents/thesis_code/reduce_grammar/generate_corpora.py", line 40, in main
    tokenizer = Tokenizer(tokenizer_config)
  File "/home/11864265/Documents/thesis_code/reduce_grammar/classes/language.py", line 50, in __init__
    self.grammar = self.create_grammar()
  File "/home/11864265/Documents/thesis_code/reduce_grammar/classes/pcfg.py", line 46, in create_grammar
    with open(self.config.grammar_file) as f:
FileNotFoundError: [Errno 2] No such file or directory: '/scratch/11864265/pos/subset_pcfg_0.9.txt'
srun: error: fnwi-cn005: task 0: Exited with exit code 1
adding, committing, and pushing results to remote dir...
[feature/retrain e860a9a] save results from run (automated commit from Lisa).
 Committer: Sabijn Perdijk <11864265@fnwi-cn005.localdomain>
Your name and email address were configured automatically based
on your username and hostname. Please check that they are accurate.
You can suppress this message by setting them explicitly. Run the
following command and follow the instructions in your editor to edit
your configuration file:

    git config --global --edit

After doing this, you may fix the identity used for this commit with:

    git commit --amend --reset-author

 3 files changed, 44 insertions(+)
 create mode 100644 reduce_grammar/jobs/slurm_output_3373.out
To github.com:sabijn/thesis_code.git
   741e3fe..e860a9a  feature/retrain -> feature/retrain
done.
