setting up Miniconda...
activating virtual env...
current conda environment: basic310
activating ssh connection...
Agent pid 4728
Identity added: /home/11864265/.ssh/id_ed25519 (11864265@fnwi-h0.science.uva.nl)
parsing input arguments...
Branch: feature/retrain
fetching and pulling latest changes from remote dir...
Already up to date.
running generating corpora...
Running script for version pos
2024-04-30 23:33:01 | INFO | fairseq.tasks.text_to_speech | Please install tensorboardX: pip install tensorboardX
2024-04-30 23:33:01 | INFO | classes.language | Creating corpus from grammar.
Running script for version pos
2024-05-01 00:29:28 | INFO | fairseq.tasks.text_to_speech | Please install tensorboardX: pip install tensorboardX
2024-05-01 00:29:29 | INFO | classes.language | Creating corpus from grammar.
Running script for version pos
2024-05-01 01:51:11 | INFO | fairseq.tasks.text_to_speech | Please install tensorboardX: pip install tensorboardX
2024-05-01 01:51:12 | INFO | classes.language | Creating corpus from grammar.
Running script for version pos
2024-05-01 02:36:10 | INFO | fairseq.tasks.text_to_speech | Please install tensorboardX: pip install tensorboardX
2024-05-01 02:36:11 | INFO | classes.language | Creating corpus from grammar.
adding, committing, and pushing results to remote dir...
