setting up Miniconda...
activating virtual env...
current conda environment: basic310
activating ssh connection...
Agent pid 2492226
Identity added: /home/11864265/.ssh/id_ed25519 (11864265@fnwi-h0.science.uva.nl)
parsing input arguments...
Branch: feature/retrain_grammar
fetching and pulling latest changes from remote dir...
Already up to date.
retraining the models...
Running script for version 0.2
2024-04-08 12:27:52 | INFO | fairseq.tasks.text_to_speech | Please install tensorboardX: pip install tensorboardX
2024-04-08 12:27:53 | INFO | __main__ | Running on cuda.
2024-04-08 12:27:53 | INFO | __main__ | Loading tokenizer
2024-04-08 12:27:53 | INFO | __main__ | Initializing PCFG
2024-04-08 12:27:53 | INFO | classes.language | Loading corpus from file.
2024-04-08 12:30:33 | INFO | __main__ | Initializing model
2024-04-08 12:30:44 | INFO | __main__ | Start training
srun: Job step aborted: Waiting up to 32 seconds for job step to finish.
  0%|          | 0/50 [00:00<?, ?it/s]slurmstepd: error: *** STEP 3380.0 ON fnwi-cn005 CANCELLED AT 2024-04-08T14:30:58 ***
slurmstepd: error: *** JOB 3380 ON fnwi-cn005 CANCELLED AT 2024-04-08T14:30:58 ***
