setting up Miniconda...
activating virtual env...
current conda environment: basic310
activating ssh connection...
Agent pid 2436770
Identity added: /home/11864265/.ssh/id_ed25519 (11864265@fnwi-h0.science.uva.nl)
parsing input arguments...
Branch: feature/retrain_grammar
fetching and pulling latest changes from remote dir...
From github.com:sabijn/thesis_code
   4cc2254..8978208  feature/retrain -> origin/feature/retrain
Updating 4cc2254..8978208
Fast-forward
 reduce_grammar/generate_corpora.py |   2 +-
 reduce_grammar/retrain.py          | 155 +++++++++++++++++++------------------
 reduce_grammar/utils.py            |   4 +-
 3 files changed, 84 insertions(+), 77 deletions(-)
running generating corpora...
Running script for version normal
2024-04-04 09:34:42 | INFO | fairseq.tasks.text_to_speech | Please install tensorboardX: pip install tensorboardX
Running script for version pos
2024-04-04 10:38:24 | INFO | fairseq.tasks.text_to_speech | Please install tensorboardX: pip install tensorboardX
adding, committing, and pushing results to remote dir...
[feature/retrain 943293a] save results from run (automated commit from Lisa).
 Committer: Sabijn Perdijk <11864265@fnwi-cn005.localdomain>
Your name and email address were configured automatically based
on your username and hostname. Please check that they are accurate.
You can suppress this message by setting them explicitly. Run the
following command and follow the instructions in your editor to edit
your configuration file:

    git config --global --edit

After doing this, you may fix the identity used for this commit with:

    git commit --amend --reset-author

 3 files changed, 58 insertions(+)
 create mode 100644 reduce_grammar/jobs/slurm_output_3279.out
 create mode 100644 reduce_grammar/jobs/slurm_output_3280.out
To github.com:sabijn/thesis_code.git
   8978208..943293a  feature/retrain -> feature/retrain
done.
